c:\users\griffin g. salazar\source\cpp projects\salazar engine sfml\salazar engine\x64\debug\vc143.pdb
c:\users\griffin g. salazar\source\cpp projects\salazar engine sfml\salazar engine\x64\debug\vc143.idb
c:\users\griffin g. salazar\source\cpp projects\salazar engine sfml\salazar engine\x64\debug\util.obj
c:\users\griffin g. salazar\source\cpp projects\salazar engine sfml\salazar engine\x64\debug\input.obj
c:\users\griffin g. salazar\source\cpp projects\salazar engine sfml\salazar engine\x64\debug\entity.obj
c:\users\griffin g. salazar\source\cpp projects\salazar engine sfml\salazar engine\x64\debug\collision.obj
c:\users\griffin g. salazar\source\cpp projects\salazar engine sfml\salazar engine\x64\debug\animation.obj
c:\users\griffin g. salazar\source\cpp projects\salazar engine sfml\salazar engine\x64\debug\paddle.obj
c:\users\griffin g. salazar\source\cpp projects\salazar engine sfml\salazar engine\x64\debug\brick.obj
c:\users\griffin g. salazar\source\cpp projects\salazar engine sfml\salazar engine\x64\debug\ball.obj
c:\users\griffin g. salazar\source\cpp projects\salazar engine sfml\salazar engine\x64\debug\ui.obj
c:\users\griffin g. salazar\source\cpp projects\salazar engine sfml\salazar engine\x64\debug\slider.obj
c:\users\griffin g. salazar\source\cpp projects\salazar engine sfml\salazar engine\x64\debug\button.obj
c:\users\griffin g. salazar\source\cpp projects\salazar engine sfml\salazar engine\x64\debug\dj.obj
c:\users\griffin g. salazar\source\cpp projects\salazar engine sfml\salazar engine\x64\debug\scene.obj
c:\users\griffin g. salazar\source\cpp projects\salazar engine sfml\salazar engine\x64\debug\game.obj
c:\users\griffin g. salazar\source\cpp projects\salazar engine sfml\salazar engine\x64\debug\menu.obj
c:\users\griffin g. salazar\source\cpp projects\salazar engine sfml\salazar engine\x64\debug\picker.obj
c:\users\griffin g. salazar\source\cpp projects\salazar engine sfml\salazar engine\x64\debug\main.obj
c:\users\griffin g. salazar\source\cpp projects\salazar engine sfml\salazar engine\x64\debug\toggle.obj
c:\users\griffin g. salazar\source\cpp projects\salazar engine sfml\x64\debug\salazar engine.exe
c:\users\griffin g. salazar\source\cpp projects\salazar engine sfml\x64\debug\salazar engine.pdb
c:\users\griffin g. salazar\source\cpp projects\salazar engine sfml\salazar engine\x64\debug\salazar engine.ilk
c:\users\griffin g. salazar\source\cpp projects\salazar engine sfml\salazar engine\x64\debug\salazar engine.tlog\cl.command.1.tlog
c:\users\griffin g. salazar\source\cpp projects\salazar engine sfml\salazar engine\x64\debug\salazar engine.tlog\cl.items.tlog
c:\users\griffin g. salazar\source\cpp projects\salazar engine sfml\salazar engine\x64\debug\salazar engine.tlog\cl.read.1.tlog
c:\users\griffin g. salazar\source\cpp projects\salazar engine sfml\salazar engine\x64\debug\salazar engine.tlog\cl.write.1.tlog
c:\users\griffin g. salazar\source\cpp projects\salazar engine sfml\salazar engine\x64\debug\salazar engine.tlog\link.command.1.tlog
c:\users\griffin g. salazar\source\cpp projects\salazar engine sfml\salazar engine\x64\debug\salazar engine.tlog\link.read.1.tlog
c:\users\griffin g. salazar\source\cpp projects\salazar engine sfml\salazar engine\x64\debug\salazar engine.tlog\link.secondary.1.tlog
c:\users\griffin g. salazar\source\cpp projects\salazar engine sfml\salazar engine\x64\debug\salazar engine.tlog\link.write.1.tlog
