c:\users\gturoci\documents\visual studio 2022\projects\i&a1\seeds of apocrypha\x64\debug\vc143.pdb
c:\users\gturoci\documents\visual studio 2022\projects\i&a1\seeds of apocrypha\x64\debug\vc143.idb
c:\users\gturoci\documents\visual studio 2022\projects\i&a1\seeds of apocrypha\x64\debug\main.obj
c:\users\gturoci\documents\visual studio 2022\projects\i&a1\seeds of apocrypha\x64\debug\window.obj
c:\users\gturoci\documents\visual studio 2022\projects\i&a1\seeds of apocrypha\x64\debug\sprite.obj
c:\users\gturoci\documents\visual studio 2022\projects\i&a1\seeds of apocrypha\x64\debug\renderer.obj
c:\users\gturoci\documents\visual studio 2022\projects\i&a1\seeds of apocrypha\x64\debug\menu.obj
c:\users\gturoci\documents\visual studio 2022\projects\i&a1\seeds of apocrypha\x64\debug\game.obj
c:\users\gturoci\documents\visual studio 2022\projects\i&a1\seeds of apocrypha\x64\debug\ui.obj
c:\users\gturoci\documents\visual studio 2022\projects\i&a1\seeds of apocrypha\x64\debug\toggle.obj
c:\users\gturoci\documents\visual studio 2022\projects\i&a1\seeds of apocrypha\x64\debug\slider.obj
c:\users\gturoci\documents\visual studio 2022\projects\i&a1\seeds of apocrypha\x64\debug\picker.obj
c:\users\gturoci\documents\visual studio 2022\projects\i&a1\seeds of apocrypha\x64\debug\button.obj
c:\users\gturoci\documents\visual studio 2022\projects\i&a1\seeds of apocrypha\x64\debug\entity.obj
c:\users\gturoci\documents\visual studio 2022\projects\i&a1\seeds of apocrypha\x64\debug\creature.obj
c:\users\gturoci\documents\visual studio 2022\projects\i&a1\seeds of apocrypha\x64\debug\math.obj
c:\users\gturoci\documents\visual studio 2022\projects\i&a1\seeds of apocrypha\x64\debug\input.obj
c:\users\gturoci\documents\visual studio 2022\projects\i&a1\seeds of apocrypha\x64\debug\seeds of.d0bfe6a1.tlog\cl.command.1.tlog
c:\users\gturoci\documents\visual studio 2022\projects\i&a1\seeds of apocrypha\x64\debug\seeds of.d0bfe6a1.tlog\cl.read.1.tlog
c:\users\gturoci\documents\visual studio 2022\projects\i&a1\seeds of apocrypha\x64\debug\seeds of.d0bfe6a1.tlog\cl.write.1.tlog
