C:\Program Files\Microsoft Visual Studio\2022\Community\MSBuild\Microsoft\VC\v170\Microsoft.CppBuild.targets(534,5): warning MSB8028: The intermediate directory (x64\Debug\) contains files shared from another project (Seeds of Apocrypha.vcxproj).  This can lead to incorrect clean and rebuild behavior.
  Toggle.cpp
C:\Users\Griffin G. Salazar\Cpp Projects\I&AA1 - Shadows of Autongrad\Shadows of Autongrad\src\Core\Geometry.h(22,43): warning C4244: 'return': conversion from 'double' to 'float', possible loss of data
  (compiling source file 'src/Entities/UI/Toggle.cpp')
  
C:\Users\Griffin G. Salazar\Cpp Projects\I&AA1 - Shadows of Autongrad\Shadows of Autongrad\src\Core\Geometry.h(34,43): warning C4244: 'return': conversion from 'double' to 'float', possible loss of data
  (compiling source file 'src/Entities/UI/Toggle.cpp')
  
C:\Users\Griffin G. Salazar\Cpp Projects\I&AA1 - Shadows of Autongrad\Shadows of Autongrad\src\Core\Geometry.h(35,45): warning C4244: 'return': conversion from 'double' to 'float', possible loss of data
  (compiling source file 'src/Entities/UI/Toggle.cpp')
  
C:\Users\Griffin G. Salazar\Cpp Projects\I&AA1 - Shadows of Autongrad\Shadows of Autongrad\src\Core\Geometry.h(46,124): warning C4244: 'return': conversion from 'double' to 'float', possible loss of data
  (compiling source file 'src/Entities/UI/Toggle.cpp')
  
C:\Users\Griffin G. Salazar\Cpp Projects\I&AA1 - Shadows of Autongrad\Shadows of Autongrad\src\Core\Geometry.h(59,39): warning C4244: 'return': conversion from 'int' to 'float', possible loss of data
  (compiling source file 'src/Entities/UI/Toggle.cpp')
  
C:\Users\Griffin G. Salazar\Cpp Projects\I&AA1 - Shadows of Autongrad\Shadows of Autongrad\src\Graphics\Sprite.h(69,53): warning C4244: '=': conversion from 'double' to 'float', possible loss of data
  (compiling source file 'src/Entities/UI/Toggle.cpp')
  
C:\Users\Griffin G. Salazar\Cpp Projects\I&AA1 - Shadows of Autongrad\Shadows of Autongrad\src\Graphics\Sprite.h(70,52): warning C4244: 'return': conversion from 'double' to 'float', possible loss of data
  (compiling source file 'src/Entities/UI/Toggle.cpp')
  
C:\Users\Griffin G. Salazar\Cpp Projects\I&AA1 - Shadows of Autongrad\Shadows of Autongrad\src\Graphics\Font.h(11,41): warning C4244: 'argument': conversion from 'uint' to 'float', possible loss of data
  (compiling source file 'src/Entities/UI/Toggle.cpp')
  
C:\Users\Griffin G. Salazar\Cpp Projects\I&AA1 - Shadows of Autongrad\Shadows of Autongrad\src\Graphics\Text.h(36,52): warning C4834: discarding return value of function with [[nodiscard]] attribute
  (compiling source file 'src/Entities/UI/Toggle.cpp')
  
C:\Users\Griffin G. Salazar\Cpp Projects\I&AA1 - Shadows of Autongrad\Shadows of Autongrad\src\Graphics\TileMap.h(38,69): warning C4244: 'argument': conversion from 'double' to 'const unsigned __int64', possible loss of data
  (compiling source file 'src/Entities/UI/Toggle.cpp')
  
C:\Users\Griffin G. Salazar\Cpp Projects\I&AA1 - Shadows of Autongrad\Shadows of Autongrad\src\Graphics\TileMap.h(38,88): warning C4244: 'argument': conversion from 'double' to 'const unsigned __int64', possible loss of data
  (compiling source file 'src/Entities/UI/Toggle.cpp')
  
C:\Users\Griffin G. Salazar\Cpp Projects\I&AA1 - Shadows of Autongrad\Shadows of Autongrad\src\Game\Scene.h(30,13): warning C4150: deletion of pointer to incomplete type 'Menu'; no destructor called
  (compiling source file 'src/Entities/UI/Toggle.cpp')
      C:\Users\Griffin G. Salazar\Cpp Projects\I&AA1 - Shadows of Autongrad\Shadows of Autongrad\src\Game\Scene.h(11,7):
      see declaration of 'Menu'
  
C:\Users\Griffin G. Salazar\Cpp Projects\I&AA1 - Shadows of Autongrad\Shadows of Autongrad\src\Core\Camera.h(14,70): warning C4244: '=': conversion from 'float' to 'int', possible loss of data
  (compiling source file 'src/Entities/UI/Toggle.cpp')
  
C:\Users\Griffin G. Salazar\Cpp Projects\I&AA1 - Shadows of Autongrad\Shadows of Autongrad\src\Core\Camera.h(14,113): warning C4244: '=': conversion from 'float' to 'int', possible loss of data
  (compiling source file 'src/Entities/UI/Toggle.cpp')
  
  Shadows of Autongrad.vcxproj -> C:\Users\Griffin G. Salazar\Cpp Projects\I&AA1 - Shadows of Autongrad\x64\Debug\Shadows of Autongrad.exe
